#
# There is insufficient memory for the Java Runtime Environment to continue.
# Native memory allocation (malloc) failed to allocate 32744 bytes. Error detail: Chunk::new
# Possible reasons:
#   The system is out of physical RAM or swap space
#   This process is running with CompressedOops enabled, and the Java Heap may be blocking the growth of the native heap
# Possible solutions:
#   Reduce memory load on the system
#   Increase physical memory or swap space
#   Check if swap backing store is full
#   Decrease Java heap size (-Xmx/-Xms)
#   Decrease number of Java threads
#   Decrease Java thread stack sizes (-Xss)
#   Set larger code cache with -XX:ReservedCodeCacheSize=
#   JVM is running with Unscaled Compressed Oops mode in which the Java heap is
#     placed in the first 4GB address space. The Java Heap base address is the
#     maximum limit for the native heap growth. Please use -XX:HeapBaseMinAddress
#     to set the Java Heap base and to place the Java Heap above 4GB virtual address.
# This output file may be truncated or incomplete.
#
#  Out of Memory Error (arena.cpp:150), pid=14664, tid=15416
#
# JRE version: Java(TM) SE Runtime Environment (22.0.1+8) (build 22.0.1+8-16)
# Java VM: Java HotSpot(TM) 64-Bit Server VM (22.0.1+8-16, mixed mode, emulated-client, sharing, tiered, compressed oops, compressed class ptrs, g1 gc, windows-amd64)
# No core dump will be written. Minidumps are not enabled by default on client versions of Windows
#

---------------  S U M M A R Y ------------

Command Line: -Dcom.sun.management.jmxremote -Dcom.sun.management.jmxremote.port=57627 -Dcom.sun.management.jmxremote.authenticate=false -Dcom.sun.management.jmxremote.ssl=false -Djava.rmi.server.hostname=localhost -Dspring.jmx.enabled=true -Dmanagement.endpoints.jmx.exposure.include=* -Dspring.application.admin.enabled=true -XX:TieredStopAtLevel=1 -Dspring.boot.project.name=bfood -Dfile.encoding=UTF-8 -Dstdout.encoding=UTF-8 -Dstderr.encoding=UTF-8 -XX:+ShowCodeDetailsInExceptionMessages system.bfood.BfoodApplication --spring.output.ansi.enabled=always

Host: 11th Gen Intel(R) Core(TM) i5-1135G7 @ 2.40GHz, 8 cores, 7G,  Windows 11 , 64 bit Build 22621 (10.0.22621.3672)
Time: Thu Jul 18 20:13:21 2024 SE Asia Standard Time elapsed time: 43.510845 seconds (0d 0h 0m 43s)

---------------  T H R E A D  ---------------

Current thread (0x00000156ade1e760):  JavaThread "C1 CompilerThread0" daemon [_thread_in_native, id=15416, stack(0x0000004548000000,0x0000004548100000) (1024K)]


Current CompileTask:
C1:43510 13229       1       java.text.SimpleDateFormat::subFormat (1264 bytes)

Stack: [0x0000004548000000,0x0000004548100000]
Native frames: (J=compiled Java code, j=interpreted, Vv=VM code, C=native code)
V  [jvm.dll+0x6e2279]  (no source info available)
V  [jvm.dll+0x874e33]  (no source info available)
V  [jvm.dll+0x87725e]  (no source info available)
V  [jvm.dll+0x877933]  (no source info available)
V  [jvm.dll+0x27fd76]  (no source info available)
V  [jvm.dll+0xc3d0f]  (no source info available)
V  [jvm.dll+0xc3f6b]  (no source info available)
V  [jvm.dll+0x13f1ce]  (no source info available)
V  [jvm.dll+0x13e697]  (no source info available)
V  [jvm.dll+0x197e2d]  (no source info available)
V  [jvm.dll+0x1986f6]  (no source info available)
V  [jvm.dll+0x153e45]  (no source info available)
V  [jvm.dll+0x1535c3]  (no source info available)
V  [jvm.dll+0x1538a0]  (no source info available)
V  [jvm.dll+0x152c1d]  (no source info available)
V  [jvm.dll+0x154add]  (no source info available)
V  [jvm.dll+0x2569fe]  (no source info available)
V  [jvm.dll+0x254cba]  (no source info available)
V  [jvm.dll+0x3f5336]  (no source info available)
V  [jvm.dll+0x81d44b]  (no source info available)
V  [jvm.dll+0x6e0915]  (no source info available)
C  [ucrtbase.dll+0x29333]  (no source info available)
C  [KERNEL32.DLL+0x1257d]  (no source info available)
C  [ntdll.dll+0x5af28]  (no source info available)


---------------  P R O C E S S  ---------------

Threads class SMR info:
_java_thread_list=0x00000156f6958e00, length=42, elements={
0x00000156ade0b9f0, 0x00000156ade0d770, 0x00000156ade15d90, 0x00000156ade16ba0,
0x00000156ade1b190, 0x00000156ade1ccf0, 0x00000156ade1e760, 0x00000156f30ad330,
0x00000156f310fa70, 0x00000156f3707a60, 0x00000156f37116d0, 0x00000156f3740ac0,
0x00000156f3781a20, 0x00000156f3848330, 0x00000156f38489a0, 0x00000156f384e4d0,
0x00000156f3b6bcc0, 0x00000156f3b6c350, 0x00000156f503a190, 0x00000156f5036680,
0x00000156f5036d10, 0x00000156f50373a0, 0x00000156f5037a30, 0x00000156f50352d0,
0x00000156f5033890, 0x00000156f50380c0, 0x00000156f5039b00, 0x00000156f5038750,
0x00000156f5038de0, 0x00000156f5033200, 0x00000156f503a820, 0x00000156f5033f20,
0x00000156f50345b0, 0x00000156f5035960, 0x00000156f5034c40, 0x00000156f5035ff0,
0x00000156f3b6d070, 0x00000156f68b6380, 0x00000156f68b07a0, 0x00000156f68b0110,
0x00000156f68b4fd0, 0x00000156f68b3c20
}

Java Threads: ( => current thread )
  0x00000156ade0b9f0 JavaThread "Reference Handler"          daemon [_thread_blocked, id=8104, stack(0x0000004547a00000,0x0000004547b00000) (1024K)]
  0x00000156ade0d770 JavaThread "Finalizer"                  daemon [_thread_blocked, id=19340, stack(0x0000004547b00000,0x0000004547c00000) (1024K)]
  0x00000156ade15d90 JavaThread "Signal Dispatcher"          daemon [_thread_blocked, id=1348, stack(0x0000004547c00000,0x0000004547d00000) (1024K)]
  0x00000156ade16ba0 JavaThread "Attach Listener"            daemon [_thread_blocked, id=16792, stack(0x0000004547d00000,0x0000004547e00000) (1024K)]
  0x00000156ade1b190 JavaThread "Service Thread"             daemon [_thread_blocked, id=2112, stack(0x0000004547e00000,0x0000004547f00000) (1024K)]
  0x00000156ade1ccf0 JavaThread "Monitor Deflation Thread"   daemon [_thread_blocked, id=2000, stack(0x0000004547f00000,0x0000004548000000) (1024K)]
=>0x00000156ade1e760 JavaThread "C1 CompilerThread0"         daemon [_thread_in_native, id=15416, stack(0x0000004548000000,0x0000004548100000) (1024K)]
  0x00000156f30ad330 JavaThread "Common-Cleaner"             daemon [_thread_blocked, id=1656, stack(0x0000004548100000,0x0000004548200000) (1024K)]
  0x00000156f310fa70 JavaThread "Notification Thread"        daemon [_thread_blocked, id=17868, stack(0x0000004548400000,0x0000004548500000) (1024K)]
  0x00000156f3707a60 JavaThread "RMI TCP Accept-0"           daemon [_thread_in_native, id=15568, stack(0x0000004548500000,0x0000004548600000) (1024K)]
  0x00000156f37116d0 JavaThread "RMI TCP Accept-57627"       daemon [_thread_in_native, id=8776, stack(0x0000004548600000,0x0000004548700000) (1024K)]
  0x00000156f3740ac0 JavaThread "RMI TCP Accept-0"           daemon [_thread_in_native, id=6940, stack(0x0000004548700000,0x0000004548800000) (1024K)]
  0x00000156f3781a20 JavaThread "RMI TCP Connection(idle)"   daemon [_thread_blocked, id=16176, stack(0x0000004548800000,0x0000004548900000) (1024K)]
  0x00000156f3848330 JavaThread "RMI TCP Connection(idle)"   daemon [_thread_blocked, id=16448, stack(0x0000004548900000,0x0000004548a00000) (1024K)]
  0x00000156f38489a0 JavaThread "RMI Scheduler(0)"           daemon [_thread_blocked, id=5400, stack(0x0000004548a00000,0x0000004548b00000) (1024K)]
  0x00000156f384e4d0 JavaThread "JMX server connection timeout 28" daemon [_thread_blocked, id=20152, stack(0x0000004548b00000,0x0000004548c00000) (1024K)]
  0x00000156f3b6bcc0 JavaThread "Catalina-utility-1"                [_thread_blocked, id=2440, stack(0x0000004549500000,0x0000004549600000) (1024K)]
  0x00000156f3b6c350 JavaThread "Catalina-utility-2"                [_thread_blocked, id=7368, stack(0x0000004549700000,0x0000004549800000) (1024K)]
  0x00000156f503a190 JavaThread "container-0"                       [_thread_blocked, id=2424, stack(0x0000004549900000,0x0000004549a00000) (1024K)]
  0x00000156f5036680 JavaThread "mysql-cj-abandoned-connection-cleanup" daemon [_thread_blocked, id=9016, stack(0x0000004549a00000,0x0000004549b00000) (1024K)]
  0x00000156f5036d10 JavaThread "HikariPool-1 housekeeper"   daemon [_thread_blocked, id=14848, stack(0x0000004549c00000,0x0000004549d00000) (1024K)]
  0x00000156f50373a0 JavaThread "File Watcher"               daemon [_thread_blocked, id=17068, stack(0x0000004549d00000,0x0000004549e00000) (1024K)]
  0x00000156f5037a30 JavaThread "Live Reload Server"         daemon [_thread_in_native, id=16648, stack(0x0000004549f00000,0x000000454a000000) (1024K)]
  0x00000156f50352d0 JavaThread "http-nio-8080-exec-1"       daemon [_thread_blocked, id=17480, stack(0x0000004549e00000,0x0000004549f00000) (1024K)]
  0x00000156f5033890 JavaThread "http-nio-8080-exec-2"       daemon [_thread_blocked, id=7432, stack(0x000000454a000000,0x000000454a100000) (1024K)]
  0x00000156f50380c0 JavaThread "http-nio-8080-exec-3"       daemon [_thread_blocked, id=13204, stack(0x000000454a100000,0x000000454a200000) (1024K)]
  0x00000156f5039b00 JavaThread "http-nio-8080-exec-4"       daemon [_thread_blocked, id=4540, stack(0x000000454a200000,0x000000454a300000) (1024K)]
  0x00000156f5038750 JavaThread "http-nio-8080-exec-5"       daemon [_thread_blocked, id=4860, stack(0x000000454a300000,0x000000454a400000) (1024K)]
  0x00000156f5038de0 JavaThread "http-nio-8080-exec-6"       daemon [_thread_blocked, id=7300, stack(0x000000454a400000,0x000000454a500000) (1024K)]
  0x00000156f5033200 JavaThread "http-nio-8080-exec-7"       daemon [_thread_blocked, id=9344, stack(0x000000454a500000,0x000000454a600000) (1024K)]
  0x00000156f503a820 JavaThread "http-nio-8080-exec-8"       daemon [_thread_blocked, id=15616, stack(0x000000454a600000,0x000000454a700000) (1024K)]
  0x00000156f5033f20 JavaThread "http-nio-8080-exec-9"       daemon [_thread_blocked, id=18776, stack(0x000000454a700000,0x000000454a800000) (1024K)]
  0x00000156f50345b0 JavaThread "http-nio-8080-exec-10"      daemon [_thread_blocked, id=2184, stack(0x000000454a800000,0x000000454a900000) (1024K)]
  0x00000156f5035960 JavaThread "http-nio-8080-Poller"       daemon [_thread_in_native, id=8824, stack(0x000000454a900000,0x000000454aa00000) (1024K)]
  0x00000156f5034c40 JavaThread "http-nio-8080-Acceptor"     daemon [_thread_in_native, id=10908, stack(0x000000454aa00000,0x000000454ab00000) (1024K)]
  0x00000156f5035ff0 JavaThread "DestroyJavaVM"                     [_thread_blocked, id=13748, stack(0x0000004547200000,0x0000004547300000) (1024K)]
  0x00000156f3b6d070 JavaThread "RMI TCP Connection(idle)"   daemon [_thread_blocked, id=19892, stack(0x0000004549400000,0x0000004549500000) (1024K)]
  0x00000156f68b6380 JavaThread "RMI TCP Connection(idle)"   daemon [_thread_blocked, id=17168, stack(0x000000454ab00000,0x000000454ac00000) (1024K)]
  0x00000156f68b07a0 JavaThread "RMI TCP Connection(idle)"   daemon [_thread_blocked, id=19988, stack(0x000000454ac00000,0x000000454ad00000) (1024K)]
  0x00000156f68b0110 JavaThread "RMI TCP Connection(idle)"   daemon [_thread_blocked, id=20148, stack(0x000000454ad00000,0x000000454ae00000) (1024K)]
  0x00000156f68b4fd0 JavaThread "RMI TCP Connection(8)-127.0.0.1" daemon [_thread_in_native, id=16096, stack(0x000000454af00000,0x000000454b000000) (1024K)]
  0x00000156f68b3c20 JavaThread "RMI TCP Connection(idle)"   daemon [_thread_blocked, id=9444, stack(0x000000454b000000,0x000000454b100000) (1024K)]
Total: 42

Other Threads:
  0x00000156addf16f0 VMThread "VM Thread"                           [id=11784, stack(0x0000004547900000,0x0000004547a00000) (1024K)]
  0x00000156addd78c0 WatcherThread "VM Periodic Task Thread"        [id=16544, stack(0x0000004547800000,0x0000004547900000) (1024K)]
  0x000001569d8cd4e0 WorkerThread "GC Thread#0"                     [id=8664, stack(0x0000004547300000,0x0000004547400000) (1024K)]
  0x00000156addf1e50 WorkerThread "GC Thread#1"                     [id=11788, stack(0x0000004548c00000,0x0000004548d00000) (1024K)]
  0x00000156addf0f90 WorkerThread "GC Thread#2"                     [id=6232, stack(0x0000004548d00000,0x0000004548e00000) (1024K)]
  0x00000156addf25b0 WorkerThread "GC Thread#3"                     [id=2592, stack(0x0000004548e00000,0x0000004548f00000) (1024K)]
  0x00000156addf1aa0 WorkerThread "GC Thread#4"                     [id=5584, stack(0x0000004548f00000,0x0000004549000000) (1024K)]
  0x00000156addf1340 WorkerThread "GC Thread#5"                     [id=18272, stack(0x0000004549000000,0x0000004549100000) (1024K)]
  0x00000156addf0be0 WorkerThread "GC Thread#6"                     [id=12688, stack(0x0000004549100000,0x0000004549200000) (1024K)]
  0x00000156f3af4830 WorkerThread "GC Thread#7"                     [id=9604, stack(0x0000004549200000,0x0000004549300000) (1024K)]
  0x000001569d8de4a0 ConcurrentGCThread "G1 Main Marker"            [id=16628, stack(0x0000004547400000,0x0000004547500000) (1024K)]
  0x000001569d8dffc0 WorkerThread "G1 Conc#0"                       [id=10108, stack(0x0000004547500000,0x0000004547600000) (1024K)]
  0x00000156f3af56f0 WorkerThread "G1 Conc#1"                       [id=3384, stack(0x0000004549800000,0x0000004549900000) (1024K)]
  0x00000156adca9a80 ConcurrentGCThread "G1 Refine#0"               [id=17656, stack(0x0000004547600000,0x0000004547700000) (1024K)]
  0x00000156adcaa600 ConcurrentGCThread "G1 Service"                [id=11640, stack(0x0000004547700000,0x0000004547800000) (1024K)]
Total: 15

Threads with active compile tasks:
C1 CompilerThread0  43617 13229       1       java.text.SimpleDateFormat::subFormat (1264 bytes)
Total: 1

VM state: not at safepoint (normal execution)

VM Mutex/Monitor currently owned by a thread: None

Heap address: 0x0000000084c00000, size: 1972 MB, Compressed Oops mode: 32-bit

CDS archive(s) mapped at: [0x00000156ae000000-0x00000156aec60000-0x00000156aec60000), size 12976128, SharedBaseAddress: 0x00000156ae000000, ArchiveRelocationMode: 1.
Compressed class space mapped at: 0x00000156af000000-0x00000156ef000000, reserved size: 1073741824
Narrow klass base: 0x00000156ae000000, Narrow klass shift: 0, Narrow klass range: 0x41000000

GC Precious Log:
 CardTable entry size: 512
 Card Set container configuration: InlinePtr #cards 5 size 8 Array Of Cards #cards 12 size 40 Howl #buckets 4 coarsen threshold 1843 Howl Bitmap #cards 512 size 80 coarsen threshold 460 Card regions per heap region 1 cards per card region 2048
 CPUs: 8 total, 8 available
 Memory: 7886M
 Large Page Support: Disabled
 NUMA Support: Disabled
 Compressed Oops: Enabled (32-bit)
 Heap Region Size: 1M
 Heap Min Capacity: 8M
 Heap Initial Capacity: 124M
 Heap Max Capacity: 1972M
 Pre-touch: Disabled
 Parallel Workers: 8
 Concurrent Workers: 2
 Concurrent Refinement Workers: 8
 Periodic GC: Disabled

Heap:
 garbage-first heap   total reserved 2019328K, committed 84992K, used 60069K [0x0000000084c00000, 0x0000000100000000)
  region size 1024K, 24 young (24576K), 1 survivors (1024K)
 Metaspace       used 77262K, committed 78080K, reserved 1179648K
  class space    used 11367K, committed 11712K, reserved 1048576K

Heap Regions: E=young(eden), S=young(survivor), O=old, HS=humongous(starts), HC=humongous(continues), CS=collection set, F=free, TAMS=top-at-mark-start, PB=parsable bottom
|   0|0x0000000084c00000, 0x0000000084d00000, 0x0000000084d00000|100%|HS|  |TAMS 0x0000000084c00000| PB 0x0000000084c00000| Complete |  0
|   1|0x0000000084d00000, 0x0000000084e00000, 0x0000000084e00000|100%| O|  |TAMS 0x0000000084d00000| PB 0x0000000084d00000| Untracked |  0
|   2|0x0000000084e00000, 0x0000000084f00000, 0x0000000084f00000|100%| O|  |TAMS 0x0000000084e00000| PB 0x0000000084e00000| Untracked |  0
|   3|0x0000000084f00000, 0x0000000085000000, 0x0000000085000000|100%| O|  |TAMS 0x0000000084f00000| PB 0x0000000084f00000| Untracked |  0
|   4|0x0000000085000000, 0x0000000085100000, 0x0000000085100000|100%| O|  |TAMS 0x0000000085000000| PB 0x0000000085000000| Untracked |  0
|   5|0x0000000085100000, 0x0000000085200000, 0x0000000085200000|100%| O|  |TAMS 0x0000000085100000| PB 0x0000000085100000| Untracked |  0
|   6|0x0000000085200000, 0x0000000085300000, 0x0000000085300000|100%| O|  |TAMS 0x0000000085200000| PB 0x0000000085200000| Untracked |  0
|   7|0x0000000085300000, 0x0000000085400000, 0x0000000085400000|100%| O|  |TAMS 0x0000000085300000| PB 0x0000000085300000| Untracked |  0
|   8|0x0000000085400000, 0x0000000085500000, 0x0000000085500000|100%| O|  |TAMS 0x0000000085400000| PB 0x0000000085400000| Untracked |  0
|   9|0x0000000085500000, 0x0000000085600000, 0x0000000085600000|100%| O|  |TAMS 0x0000000085500000| PB 0x0000000085500000| Untracked |  0
|  10|0x0000000085600000, 0x0000000085700000, 0x0000000085700000|100%| O|  |TAMS 0x0000000085600000| PB 0x0000000085600000| Untracked |  0
|  11|0x0000000085700000, 0x0000000085800000, 0x0000000085800000|100%| O|  |TAMS 0x0000000085700000| PB 0x0000000085700000| Untracked |  0
|  12|0x0000000085800000, 0x000000008589d360, 0x0000000085900000| 61%| O|  |TAMS 0x0000000085800000| PB 0x0000000085800000| Untracked |  0
|  13|0x0000000085900000, 0x0000000085a00000, 0x0000000085a00000|100%| O|  |TAMS 0x0000000085900000| PB 0x0000000085900000| Untracked |  0
|  14|0x0000000085a00000, 0x0000000085b00000, 0x0000000085b00000|100%| O|  |TAMS 0x0000000085a00000| PB 0x0000000085a00000| Untracked |  0
|  15|0x0000000085b00000, 0x0000000085c00000, 0x0000000085c00000|100%| O|  |TAMS 0x0000000085b00000| PB 0x0000000085b00000| Untracked |  0
|  16|0x0000000085c00000, 0x0000000085d00000, 0x0000000085d00000|100%| O|  |TAMS 0x0000000085c00000| PB 0x0000000085c00000| Untracked |  0
|  17|0x0000000085d00000, 0x0000000085e00000, 0x0000000085e00000|100%| O|  |TAMS 0x0000000085d00000| PB 0x0000000085d00000| Untracked |  0
|  18|0x0000000085e00000, 0x0000000085f00000, 0x0000000085f00000|100%| O|  |TAMS 0x0000000085e00000| PB 0x0000000085e00000| Untracked |  0
|  19|0x0000000085f00000, 0x0000000086000000, 0x0000000086000000|100%| O|  |TAMS 0x0000000085f00000| PB 0x0000000085f00000| Untracked |  0
|  20|0x0000000086000000, 0x0000000086100000, 0x0000000086100000|100%| O|  |TAMS 0x0000000086000000| PB 0x0000000086000000| Untracked |  0
|  21|0x0000000086100000, 0x0000000086100000, 0x0000000086200000|  0%| F|  |TAMS 0x0000000086100000| PB 0x0000000086100000| Untracked |  0
|  22|0x0000000086200000, 0x0000000086300000, 0x0000000086300000|100%| O|  |TAMS 0x0000000086200000| PB 0x0000000086200000| Untracked |  0
|  23|0x0000000086300000, 0x0000000086400000, 0x0000000086400000|100%| O|  |TAMS 0x0000000086300000| PB 0x0000000086300000| Untracked |  0
|  24|0x0000000086400000, 0x0000000086500000, 0x0000000086500000|100%| O|  |TAMS 0x0000000086400000| PB 0x0000000086400000| Untracked |  0
|  25|0x0000000086500000, 0x0000000086600000, 0x0000000086600000|100%| O|  |TAMS 0x0000000086500000| PB 0x0000000086500000| Untracked |  0
|  26|0x0000000086600000, 0x0000000086700000, 0x0000000086700000|100%| O|  |TAMS 0x0000000086600000| PB 0x0000000086600000| Untracked |  0
|  27|0x0000000086700000, 0x0000000086800000, 0x0000000086800000|100%| O|  |TAMS 0x0000000086700000| PB 0x0000000086700000| Untracked |  0
|  28|0x0000000086800000, 0x0000000086900000, 0x0000000086900000|100%| O|  |TAMS 0x0000000086800000| PB 0x0000000086800000| Untracked |  0
|  29|0x0000000086900000, 0x0000000086a00000, 0x0000000086a00000|100%| O|  |TAMS 0x0000000086900000| PB 0x0000000086900000| Untracked |  0
|  30|0x0000000086a00000, 0x0000000086b00000, 0x0000000086b00000|100%| O|  |TAMS 0x0000000086a00000| PB 0x0000000086a00000| Untracked |  0
|  31|0x0000000086b00000, 0x0000000086c00000, 0x0000000086c00000|100%| O|  |TAMS 0x0000000086b00000| PB 0x0000000086b00000| Untracked |  0
|  32|0x0000000086c00000, 0x0000000086d00000, 0x0000000086d00000|100%| O|  |TAMS 0x0000000086c00000| PB 0x0000000086c00000| Untracked |  0
|  33|0x0000000086d00000, 0x0000000086e00000, 0x0000000086e00000|100%| O|  |TAMS 0x0000000086d00000| PB 0x0000000086d00000| Untracked |  0
|  34|0x0000000086e00000, 0x0000000086e00000, 0x0000000086f00000|  0%| F|  |TAMS 0x0000000086e00000| PB 0x0000000086e00000| Untracked |  0
|  35|0x0000000086f00000, 0x0000000087000000, 0x0000000087000000|100%| O|  |TAMS 0x0000000086f00000| PB 0x0000000086f00000| Untracked |  0
|  36|0x0000000087000000, 0x0000000087000000, 0x0000000087100000|  0%| F|  |TAMS 0x0000000087000000| PB 0x0000000087000000| Untracked |  0
|  37|0x0000000087100000, 0x0000000087100000, 0x0000000087200000|  0%| F|  |TAMS 0x0000000087100000| PB 0x0000000087100000| Untracked |  0
|  38|0x0000000087200000, 0x0000000087200000, 0x0000000087300000|  0%| F|  |TAMS 0x0000000087200000| PB 0x0000000087200000| Untracked |  0
|  39|0x0000000087300000, 0x0000000087400000, 0x0000000087400000|100%| O|  |TAMS 0x0000000087300000| PB 0x0000000087300000| Untracked |  0
|  40|0x0000000087400000, 0x0000000087500000, 0x0000000087500000|100%| O|  |TAMS 0x0000000087400000| PB 0x0000000087400000| Untracked |  0
|  41|0x0000000087500000, 0x0000000087600000, 0x0000000087600000|100%| O|  |TAMS 0x0000000087500000| PB 0x0000000087500000| Untracked |  0
|  42|0x0000000087600000, 0x0000000087600000, 0x0000000087700000|  0%| F|  |TAMS 0x0000000087600000| PB 0x0000000087600000| Untracked |  0
|  43|0x0000000087700000, 0x0000000087800000, 0x0000000087800000|100%| O|  |TAMS 0x0000000087700000| PB 0x0000000087700000| Untracked |  0
|  44|0x0000000087800000, 0x000000008780c120, 0x0000000087900000|  4%| S|CS|TAMS 0x0000000087800000| PB 0x0000000087800000| Complete |  0
|  45|0x0000000087900000, 0x0000000087900000, 0x0000000087a00000|  0%| F|  |TAMS 0x0000000087900000| PB 0x0000000087900000| Untracked |  0
|  46|0x0000000087a00000, 0x0000000087a00000, 0x0000000087b00000|  0%| F|  |TAMS 0x0000000087a00000| PB 0x0000000087a00000| Untracked |  0
|  47|0x0000000087b00000, 0x0000000087b00000, 0x0000000087c00000|  0%| F|  |TAMS 0x0000000087b00000| PB 0x0000000087b00000| Untracked |  0
|  48|0x0000000087c00000, 0x0000000087c00000, 0x0000000087d00000|  0%| F|  |TAMS 0x0000000087c00000| PB 0x0000000087c00000| Untracked |  0
|  49|0x0000000087d00000, 0x0000000087d00000, 0x0000000087e00000|  0%| F|  |TAMS 0x0000000087d00000| PB 0x0000000087d00000| Untracked |  0
|  50|0x0000000087e00000, 0x0000000087e00000, 0x0000000087f00000|  0%| F|  |TAMS 0x0000000087e00000| PB 0x0000000087e00000| Untracked |  0
|  51|0x0000000087f00000, 0x0000000087f00000, 0x0000000088000000|  0%| F|  |TAMS 0x0000000087f00000| PB 0x0000000087f00000| Untracked |  0
|  52|0x0000000088000000, 0x0000000088000000, 0x0000000088100000|  0%| F|  |TAMS 0x0000000088000000| PB 0x0000000088000000| Untracked |  0
|  53|0x0000000088100000, 0x0000000088100000, 0x0000000088200000|  0%| F|  |TAMS 0x0000000088100000| PB 0x0000000088100000| Untracked |  0
|  54|0x0000000088200000, 0x0000000088200000, 0x0000000088300000|  0%| F|  |TAMS 0x0000000088200000| PB 0x0000000088200000| Untracked |  0
|  55|0x0000000088300000, 0x0000000088300000, 0x0000000088400000|  0%| F|  |TAMS 0x0000000088300000| PB 0x0000000088300000| Untracked |  0
|  56|0x0000000088400000, 0x0000000088400000, 0x0000000088500000|  0%| F|  |TAMS 0x0000000088400000| PB 0x0000000088400000| Untracked |  0
|  57|0x0000000088500000, 0x0000000088500000, 0x0000000088600000|  0%| F|  |TAMS 0x0000000088500000| PB 0x0000000088500000| Untracked |  0
|  58|0x0000000088600000, 0x0000000088600000, 0x0000000088700000|  0%| F|  |TAMS 0x0000000088600000| PB 0x0000000088600000| Untracked |  0
|  59|0x0000000088700000, 0x0000000088700000, 0x0000000088800000|  0%| F|  |TAMS 0x0000000088700000| PB 0x0000000088700000| Untracked |  0
|  60|0x0000000088800000, 0x00000000888f1600, 0x0000000088900000| 94%| E|  |TAMS 0x0000000088800000| PB 0x0000000088800000| Complete |  0
|  61|0x0000000088900000, 0x0000000088a00000, 0x0000000088a00000|100%| E|CS|TAMS 0x0000000088900000| PB 0x0000000088900000| Complete |  0
|  62|0x0000000088a00000, 0x0000000088b00000, 0x0000000088b00000|100%| E|CS|TAMS 0x0000000088a00000| PB 0x0000000088a00000| Complete |  0
|  63|0x0000000088b00000, 0x0000000088c00000, 0x0000000088c00000|100%| E|  |TAMS 0x0000000088b00000| PB 0x0000000088b00000| Complete |  0
|  64|0x0000000088c00000, 0x0000000088d00000, 0x0000000088d00000|100%| E|CS|TAMS 0x0000000088c00000| PB 0x0000000088c00000| Complete |  0
|  65|0x0000000088d00000, 0x0000000088e00000, 0x0000000088e00000|100%| E|CS|TAMS 0x0000000088d00000| PB 0x0000000088d00000| Complete |  0
|  66|0x0000000088e00000, 0x0000000088f00000, 0x0000000088f00000|100%| E|CS|TAMS 0x0000000088e00000| PB 0x0000000088e00000| Complete |  0
|  67|0x0000000088f00000, 0x0000000089000000, 0x0000000089000000|100%| E|CS|TAMS 0x0000000088f00000| PB 0x0000000088f00000| Complete |  0
|  68|0x0000000089000000, 0x0000000089100000, 0x0000000089100000|100%| E|CS|TAMS 0x0000000089000000| PB 0x0000000089000000| Complete |  0
|  69|0x0000000089100000, 0x0000000089200000, 0x0000000089200000|100%| E|CS|TAMS 0x0000000089100000| PB 0x0000000089100000| Complete |  0
|  70|0x0000000089200000, 0x0000000089300000, 0x0000000089300000|100%| E|CS|TAMS 0x0000000089200000| PB 0x0000000089200000| Complete |  0
|  71|0x0000000089300000, 0x0000000089400000, 0x0000000089400000|100%| E|CS|TAMS 0x0000000089300000| PB 0x0000000089300000| Complete |  0
|  72|0x0000000089400000, 0x0000000089500000, 0x0000000089500000|100%| E|CS|TAMS 0x0000000089400000| PB 0x0000000089400000| Complete |  0
|  73|0x0000000089500000, 0x0000000089600000, 0x0000000089600000|100%| E|CS|TAMS 0x0000000089500000| PB 0x0000000089500000| Complete |  0
|  74|0x0000000089600000, 0x0000000089700000, 0x0000000089700000|100%| E|CS|TAMS 0x0000000089600000| PB 0x0000000089600000| Complete |  0
|  75|0x0000000089700000, 0x0000000089800000, 0x0000000089800000|100%| E|CS|TAMS 0x0000000089700000| PB 0x0000000089700000| Complete |  0
|  85|0x000000008a100000, 0x000000008a200000, 0x000000008a200000|100%| E|CS|TAMS 0x000000008a100000| PB 0x000000008a100000| Complete |  0
|  86|0x000000008a200000, 0x000000008a300000, 0x000000008a300000|100%| E|CS|TAMS 0x000000008a200000| PB 0x000000008a200000| Complete |  0
|  87|0x000000008a300000, 0x000000008a400000, 0x000000008a400000|100%| E|CS|TAMS 0x000000008a300000| PB 0x000000008a300000| Complete |  0
|  88|0x000000008a400000, 0x000000008a500000, 0x000000008a500000|100%| E|CS|TAMS 0x000000008a400000| PB 0x000000008a400000| Complete |  0
|  89|0x000000008a500000, 0x000000008a600000, 0x000000008a600000|100%| E|CS|TAMS 0x000000008a500000| PB 0x000000008a500000| Complete |  0
| 122|0x000000008c600000, 0x000000008c700000, 0x000000008c700000|100%| E|CS|TAMS 0x000000008c600000| PB 0x000000008c600000| Complete |  0
| 123|0x000000008c700000, 0x000000008c800000, 0x000000008c800000|100%| E|CS|TAMS 0x000000008c700000| PB 0x000000008c700000| Complete |  0

Card table byte_map: [0x00000156a90a0000,0x00000156a9480000] _byte_map_base: 0x00000156a8c7a000

Marking Bits: (CMBitMap*) 0x000001569d8cdbf0
 Bits: [0x00000156a9480000, 0x00000156ab350000)

Polling page: 0x000001569b840000

Metaspace:

Usage:
  Non-class:     64.35 MB used.
      Class:     11.10 MB used.
       Both:     75.45 MB used.

Virtual space:
  Non-class space:      128.00 MB reserved,      64.81 MB ( 51%) committed,  2 nodes.
      Class space:        1.00 GB reserved,      11.44 MB (  1%) committed,  1 nodes.
             Both:        1.12 GB reserved,      76.25 MB (  7%) committed. 

Chunk freelists:
   Non-Class:  15.00 MB
       Class:  4.40 MB
        Both:  19.40 MB

MaxMetaspaceSize: unlimited
CompressedClassSpaceSize: 1.00 GB
Initial GC threshold: 21.00 MB
Current GC threshold: 127.12 MB
CDS: on
 - commit_granule_bytes: 65536.
 - commit_granule_words: 8192.
 - virtual_space_node_default_size: 8388608.
 - enlarge_chunks_in_place: 1.
 - use_allocation_guard: 0.


Internal statistics:

num_allocs_failed_limit: 3.
num_arena_births: 1152.
num_arena_deaths: 0.
num_vsnodes_births: 3.
num_vsnodes_deaths: 0.
num_space_committed: 1220.
num_space_uncommitted: 0.
num_chunks_returned_to_freelist: 3.
num_chunks_taken_from_freelist: 3760.
num_chunk_merges: 3.
num_chunk_splits: 2764.
num_chunks_enlarged: 2182.
num_inconsistent_stats: 0.

CodeCache: size=49152Kb used=13610Kb max_used=20391Kb free=35541Kb
 bounds [0x00000156a5bb0000, 0x00000156a6fb0000, 0x00000156a8bb0000]
 total_blobs=7304 nmethods=6529 adapters=697
 compilation: enabled
              stopped_count=0, restarted_count=0
 full_count=0

Compilation events (20 events):
Event: 38.641 Thread 0x00000156f3700890 nmethod 13220 0x00000156a5ea0c90 code [0x00000156a5ea0e40, 0x00000156a5ea1020]
Event: 38.641 Thread 0x00000156f3700890 13221       1       org.apache.tomcat.util.net.NioChannel::free (8 bytes)
Event: 38.641 Thread 0x00000156ade1e760 nmethod 13218 0x00000156a5fd8190 code [0x00000156a5fd83a0, 0x00000156a5fd8918]
Event: 38.641 Thread 0x00000156ade1e760 13222       1       org.apache.tomcat.util.net.SocketBufferHandler::free (22 bytes)
Event: 38.641 Thread 0x00000156f3700890 nmethod 13221 0x00000156a5f89910 code [0x00000156a5f89ac0, 0x00000156a5f89bf0]
Event: 38.641 Thread 0x00000156ade1e760 nmethod 13222 0x00000156a5e9f510 code [0x00000156a5e9f6c0, 0x00000156a5e9f7e8]
Event: 38.641 Thread 0x00000156f3700890 13223   !   1       java.util.concurrent.LinkedBlockingDeque::clear (84 bytes)
Event: 38.641 Thread 0x00000156ade1e760 13224       1       org.apache.tomcat.util.threads.ThreadPoolExecutor::afterExecute (24 bytes)
Event: 38.641 Thread 0x00000156f30b5580 nmethod 13217 0x00000156a6001110 code [0x00000156a60013a0, 0x00000156a6001c18]
Event: 38.641 Thread 0x00000156ade1e760 nmethod 13224 0x00000156a5f93c90 code [0x00000156a5f93e20, 0x00000156a5f93f70]
Event: 38.641 Thread 0x00000156f30b5580 13225       1       org.apache.tomcat.util.threads.ThreadPoolExecutor::stopCurrentThreadIfNeeded (77 bytes)
Event: 38.642 Thread 0x00000156f3700890 nmethod 13223 0x00000156a5e8a090 code [0x00000156a5e8a2e0, 0x00000156a5e8a888]
Event: 38.642 Thread 0x00000156f30b5580 nmethod 13225 0x00000156a5ec0c10 code [0x00000156a5ec0de0, 0x00000156a5ec1218]
Event: 40.464 Thread 0x00000156f30b5580 13226       1       java.util.Calendar::getBaseStyle (6 bytes)
Event: 40.464 Thread 0x00000156f30b5580 nmethod 13226 0x00000156a5e61c90 code [0x00000156a5e61e20, 0x00000156a5e61ef0]
Event: 41.669 Thread 0x00000156ade1e760 13227       1       java.util.AbstractCollection::containsAll (38 bytes)
Event: 41.670 Thread 0x00000156ade1e760 nmethod 13227 0x00000156a5eb4910 code [0x00000156a5eb4ae0, 0x00000156a5eb4cc8]
Event: 42.373 Thread 0x00000156ade1e760 13228       1       java.util.concurrent.ScheduledThreadPoolExecutor$DelayedWorkQueue::setIndex (16 bytes)
Event: 42.374 Thread 0x00000156ade1e760 nmethod 13228 0x00000156a5eb7890 code [0x00000156a5eb7a20, 0x00000156a5eb7b50]
Event: 43.504 Thread 0x00000156ade1e760 13229       1       java.text.SimpleDateFormat::subFormat (1264 bytes)

GC Heap History (20 events):
Event: 30.767 GC heap before
{Heap before GC invocations=49 (full 0):
 garbage-first heap   total reserved 2019328K, committed 84992K, used 76222K [0x0000000084c00000, 0x0000000100000000)
  region size 1024K, 39 young (39936K), 2 survivors (2048K)
 Metaspace       used 77261K, committed 78080K, reserved 1179648K
  class space    used 11367K, committed 11712K, reserved 1048576K
}
Event: 30.771 GC heap after
{Heap after GC invocations=50 (full 0):
 garbage-first heap   total reserved 2019328K, committed 84992K, used 38881K [0x0000000084c00000, 0x0000000100000000)
  region size 1024K, 2 young (2048K), 2 survivors (2048K)
 Metaspace       used 77261K, committed 78080K, reserved 1179648K
  class space    used 11367K, committed 11712K, reserved 1048576K
}
Event: 31.680 GC heap before
{Heap before GC invocations=50 (full 0):
 garbage-first heap   total reserved 2019328K, committed 84992K, used 75745K [0x0000000084c00000, 0x0000000100000000)
  region size 1024K, 39 young (39936K), 2 survivors (2048K)
 Metaspace       used 77261K, committed 78080K, reserved 1179648K
  class space    used 11367K, committed 11712K, reserved 1048576K
}
Event: 31.682 GC heap after
{Heap after GC invocations=51 (full 0):
 garbage-first heap   total reserved 2019328K, committed 84992K, used 39112K [0x0000000084c00000, 0x0000000100000000)
  region size 1024K, 1 young (1024K), 1 survivors (1024K)
 Metaspace       used 77261K, committed 78080K, reserved 1179648K
  class space    used 11367K, committed 11712K, reserved 1048576K
}
Event: 32.700 GC heap before
{Heap before GC invocations=52 (full 0):
 garbage-first heap   total reserved 2019328K, committed 84992K, used 77000K [0x0000000084c00000, 0x0000000100000000)
  region size 1024K, 39 young (39936K), 1 survivors (1024K)
 Metaspace       used 77262K, committed 78080K, reserved 1179648K
  class space    used 11367K, committed 11712K, reserved 1048576K
}
Event: 32.702 GC heap after
{Heap after GC invocations=53 (full 0):
 garbage-first heap   total reserved 2019328K, committed 84992K, used 39132K [0x0000000084c00000, 0x0000000100000000)
  region size 1024K, 1 young (1024K), 1 survivors (1024K)
 Metaspace       used 77262K, committed 78080K, reserved 1179648K
  class space    used 11367K, committed 11712K, reserved 1048576K
}
Event: 33.783 GC heap before
{Heap before GC invocations=53 (full 0):
 garbage-first heap   total reserved 2019328K, committed 84992K, used 75996K [0x0000000084c00000, 0x0000000100000000)
  region size 1024K, 38 young (38912K), 1 survivors (1024K)
 Metaspace       used 77262K, committed 78080K, reserved 1179648K
  class space    used 11367K, committed 11712K, reserved 1048576K
}
Event: 33.786 GC heap after
{Heap after GC invocations=54 (full 0):
 garbage-first heap   total reserved 2019328K, committed 84992K, used 38830K [0x0000000084c00000, 0x0000000100000000)
  region size 1024K, 1 young (1024K), 1 survivors (1024K)
 Metaspace       used 77262K, committed 78080K, reserved 1179648K
  class space    used 11367K, committed 11712K, reserved 1048576K
}
Event: 34.933 GC heap before
{Heap before GC invocations=54 (full 0):
 garbage-first heap   total reserved 2019328K, committed 84992K, used 76718K [0x0000000084c00000, 0x0000000100000000)
  region size 1024K, 39 young (39936K), 1 survivors (1024K)
 Metaspace       used 77262K, committed 78080K, reserved 1179648K
  class space    used 11367K, committed 11712K, reserved 1048576K
}
Event: 34.935 GC heap after
{Heap after GC invocations=55 (full 0):
 garbage-first heap   total reserved 2019328K, committed 84992K, used 38918K [0x0000000084c00000, 0x0000000100000000)
  region size 1024K, 1 young (1024K), 1 survivors (1024K)
 Metaspace       used 77262K, committed 78080K, reserved 1179648K
  class space    used 11367K, committed 11712K, reserved 1048576K
}
Event: 36.349 GC heap before
{Heap before GC invocations=56 (full 0):
 garbage-first heap   total reserved 2019328K, committed 84992K, used 76806K [0x0000000084c00000, 0x0000000100000000)
  region size 1024K, 39 young (39936K), 1 survivors (1024K)
 Metaspace       used 77262K, committed 78080K, reserved 1179648K
  class space    used 11367K, committed 11712K, reserved 1048576K
}
Event: 36.351 GC heap after
{Heap after GC invocations=57 (full 0):
 garbage-first heap   total reserved 2019328K, committed 84992K, used 38966K [0x0000000084c00000, 0x0000000100000000)
  region size 1024K, 1 young (1024K), 1 survivors (1024K)
 Metaspace       used 77262K, committed 78080K, reserved 1179648K
  class space    used 11367K, committed 11712K, reserved 1048576K
}
Event: 37.758 GC heap before
{Heap before GC invocations=57 (full 0):
 garbage-first heap   total reserved 2019328K, committed 84992K, used 76854K [0x0000000084c00000, 0x0000000100000000)
  region size 1024K, 39 young (39936K), 1 survivors (1024K)
 Metaspace       used 77262K, committed 78080K, reserved 1179648K
  class space    used 11367K, committed 11712K, reserved 1048576K
}
Event: 37.762 GC heap after
{Heap after GC invocations=58 (full 0):
 garbage-first heap   total reserved 2019328K, committed 84992K, used 38736K [0x0000000084c00000, 0x0000000100000000)
  region size 1024K, 1 young (1024K), 1 survivors (1024K)
 Metaspace       used 77262K, committed 78080K, reserved 1179648K
  class space    used 11367K, committed 11712K, reserved 1048576K
}
Event: 39.523 GC heap before
{Heap before GC invocations=58 (full 0):
 garbage-first heap   total reserved 2019328K, committed 84992K, used 76624K [0x0000000084c00000, 0x0000000100000000)
  region size 1024K, 39 young (39936K), 1 survivors (1024K)
 Metaspace       used 77262K, committed 78080K, reserved 1179648K
  class space    used 11367K, committed 11712K, reserved 1048576K
}
Event: 39.526 GC heap after
{Heap after GC invocations=59 (full 0):
 garbage-first heap   total reserved 2019328K, committed 84992K, used 38785K [0x0000000084c00000, 0x0000000100000000)
  region size 1024K, 1 young (1024K), 1 survivors (1024K)
 Metaspace       used 77262K, committed 78080K, reserved 1179648K
  class space    used 11367K, committed 11712K, reserved 1048576K
}
Event: 41.038 GC heap before
{Heap before GC invocations=60 (full 0):
 garbage-first heap   total reserved 2019328K, committed 84992K, used 76673K [0x0000000084c00000, 0x0000000100000000)
  region size 1024K, 39 young (39936K), 1 survivors (1024K)
 Metaspace       used 77262K, committed 78080K, reserved 1179648K
  class space    used 11367K, committed 11712K, reserved 1048576K
}
Event: 41.040 GC heap after
{Heap after GC invocations=61 (full 0):
 garbage-first heap   total reserved 2019328K, committed 84992K, used 38762K [0x0000000084c00000, 0x0000000100000000)
  region size 1024K, 1 young (1024K), 1 survivors (1024K)
 Metaspace       used 77262K, committed 78080K, reserved 1179648K
  class space    used 11367K, committed 11712K, reserved 1048576K
}
Event: 42.733 GC heap before
{Heap before GC invocations=61 (full 0):
 garbage-first heap   total reserved 2019328K, committed 84992K, used 76650K [0x0000000084c00000, 0x0000000100000000)
  region size 1024K, 39 young (39936K), 1 survivors (1024K)
 Metaspace       used 77262K, committed 78080K, reserved 1179648K
  class space    used 11367K, committed 11712K, reserved 1048576K
}
Event: 42.737 GC heap after
{Heap after GC invocations=62 (full 0):
 garbage-first heap   total reserved 2019328K, committed 84992K, used 38565K [0x0000000084c00000, 0x0000000100000000)
  region size 1024K, 1 young (1024K), 1 survivors (1024K)
 Metaspace       used 77262K, committed 78080K, reserved 1179648K
  class space    used 11367K, committed 11712K, reserved 1048576K
}

Dll operation events (10 events):
Event: 0.040 Loaded shared library C:\Program Files\Java\jdk-22\bin\java.dll
Event: 0.353 Loaded shared library C:\Program Files\Java\jdk-22\bin\jimage.dll
Event: 0.363 Loaded shared library C:\Program Files\Java\jdk-22\bin\net.dll
Event: 0.367 Loaded shared library C:\Program Files\Java\jdk-22\bin\nio.dll
Event: 0.371 Loaded shared library C:\Program Files\Java\jdk-22\bin\zip.dll
Event: 0.663 Loaded shared library C:\Program Files\Java\jdk-22\bin\management.dll
Event: 0.730 Loaded shared library C:\Program Files\Java\jdk-22\bin\management_ext.dll
Event: 1.676 Loaded shared library C:\Program Files\Java\jdk-22\bin\extnet.dll
Event: 3.747 Loaded shared library C:\Program Files\Java\jdk-22\bin\sunmscapi.dll
Event: 6.456 Loaded shared library C:\Program Files\Java\jdk-22\bin\verify.dll

Deoptimization events (6 events):
Event: 5.239 Thread 0x00000156f3b6d070 DEOPT PACKING pc=0x00000156a63eb86c sp=0x00000045494fcf60
Event: 5.239 Thread 0x00000156f3b6d070 DEOPT UNPACKING pc=0x00000156a5c088e2 sp=0x00000045494fc418 mode 0
Event: 10.633 Thread 0x00000156f3b6d070 DEOPT PACKING pc=0x00000156a6243814 sp=0x00000045494fc400
Event: 10.633 Thread 0x00000156f3b6d070 DEOPT UNPACKING pc=0x00000156a5c088e2 sp=0x00000045494fb958 mode 0
Event: 10.936 Thread 0x00000156f3b6d070 DEOPT PACKING pc=0x00000156a6250fb9 sp=0x00000045494fc6b0
Event: 10.936 Thread 0x00000156f3b6d070 DEOPT UNPACKING pc=0x00000156a5c088e2 sp=0x00000045494fbbb8 mode 3

Classes loaded (20 events):
Event: 14.014 Loading class java/util/stream/ReduceOps$7
Event: 14.014 Loading class java/util/stream/ReduceOps$7 done
Event: 14.014 Loading class java/util/stream/ReduceOps$6ReducingSink
Event: 14.014 Loading class java/util/stream/ReduceOps$6ReducingSink done
Event: 14.014 Loading class java/util/stream/ReferencePipeline$4$1
Event: 14.014 Loading class java/util/stream/ReferencePipeline$4$1 done
Event: 14.023 Loading class java/io/PrintWriter$1
Event: 14.023 Loading class jdk/internal/access/JavaIOPrintWriterAccess
Event: 14.023 Loading class jdk/internal/access/JavaIOPrintWriterAccess done
Event: 14.023 Loading class java/io/PrintWriter$1 done
Event: 14.023 Loading class java/lang/Throwable$WrappedPrintWriter
Event: 14.023 Loading class java/lang/Throwable$WrappedPrintWriter done
Event: 14.032 Loading class java/util/OptionalLong
Event: 14.032 Loading class java/util/OptionalLong done
Event: 14.032 Loading class java/util/OptionalDouble
Event: 14.032 Loading class java/util/OptionalDouble done
Event: 14.057 Loading class java/util/stream/LongStream
Event: 14.058 Loading class java/util/stream/LongStream done
Event: 14.058 Loading class java/util/stream/DoubleStream
Event: 14.058 Loading class java/util/stream/DoubleStream done

Classes unloaded (0 events):
No events

Classes redefined (0 events):
No events

Internal exceptions (20 events):
Event: 10.374 Thread 0x00000156f3b6d070 Exception <a 'java/lang/NoSuchMethodError'{0x0000000086d001c0}: 'void java.lang.invoke.Invokers$Holder.invokeExact_MT(java.lang.Object, java.lang.Object, java.lang.Object, java.lang.Object)'> (0x0000000086d001c0) 
thrown [s\open\src\hotspot\share\interpreter\linkResolver.cpp, line 774]
Event: 10.461 Thread 0x00000156f3b6d070 Exception <a 'java/lang/IncompatibleClassChangeError'{0x000000008c6f78e8}: Found class java.lang.Object, but interface was expected> (0x000000008c6f78e8) 
thrown [s\open\src\hotspot\share\interpreter\linkResolver.cpp, line 841]
Event: 10.472 Thread 0x00000156f3b6d070 Exception <a 'java/lang/IncompatibleClassChangeError'{0x000000008a57c6a0}: Found class java.lang.Object, but interface was expected> (0x000000008a57c6a0) 
thrown [s\open\src\hotspot\share\interpreter\linkResolver.cpp, line 841]
Event: 10.516 Thread 0x00000156f3b6d070 Exception <a 'java/lang/IncompatibleClassChangeError'{0x000000008a4fc7a0}: Found class java.lang.Object, but interface was expected> (0x000000008a4fc7a0) 
thrown [s\open\src\hotspot\share\interpreter\linkResolver.cpp, line 841]
Event: 10.745 Thread 0x00000156f3b6d070 Exception <a 'java/lang/IncompatibleClassChangeError'{0x0000000086efedc8}: Found class java.lang.Object, but interface was expected> (0x0000000086efedc8) 
thrown [s\open\src\hotspot\share\interpreter\linkResolver.cpp, line 841]
Event: 10.856 Thread 0x00000156f3b6d070 Exception <a 'java/lang/IncompatibleClassChangeError'{0x000000008a414258}: Found class java.lang.Object, but interface was expected> (0x000000008a414258) 
thrown [s\open\src\hotspot\share\interpreter\linkResolver.cpp, line 841]
Event: 10.921 Thread 0x00000156f3b6d070 Exception <a 'java/lang/NoSuchMethodError'{0x000000008a3e3788}: 'java.lang.Object java.lang.invoke.DirectMethodHandle$Holder.invokeStatic(java.lang.Object, int, java.lang.Object)'> (0x000000008a3e3788) 
thrown [s\open\src\hotspot\share\interpreter\linkResolver.cpp, line 774]
Event: 12.118 Thread 0x00000156f3b6d070 Exception <a 'java/lang/NoSuchMethodError'{0x0000000088866a90}: 'java.lang.Object java.lang.invoke.DirectMethodHandle$Holder.newInvokeSpecial(java.lang.Object, java.lang.Object, java.lang.Object, java.lang.Object, java.lang.Object, java.lang.Object, java.lang.Object, java.lang.Object)'> (0x0000000088866a90) 
thrown [s\open\src\hotspot\share\interpreter\linkResolver.cpp, line 774]
Event: 12.599 Thread 0x00000156f3b6d070 Exception <a 'java/lang/IncompatibleClassChangeError'{0x000000008967a8f8}: Found class java.lang.Object, but interface was expected> (0x000000008967a8f8) 
thrown [s\open\src\hotspot\share\interpreter\linkResolver.cpp, line 841]
Event: 12.806 Thread 0x00000156f3b6d070 Exception <a 'java/lang/NoSuchMethodError'{0x000000008902a350}: 'void java.lang.invoke.DirectMethodHandle$Holder.invokeVirtual(java.lang.Object, java.lang.Object, long)'> (0x000000008902a350) 
thrown [s\open\src\hotspot\share\interpreter\linkResolver.cpp, line 774]
Event: 12.925 Thread 0x00000156f3b6d070 Exception <a 'java/lang/NoSuchMethodError'{0x0000000088d8cc30}: 'int java.lang.invoke.DirectMethodHandle$Holder.invokeStaticInit(java.lang.Object, java.lang.Object, java.lang.Object, java.lang.Object)'> (0x0000000088d8cc30) 
thrown [s\open\src\hotspot\share\interpreter\linkResolver.cpp, line 774]
Event: 13.066 Thread 0x00000156f3b6d070 Exception <a 'java/lang/IncompatibleClassChangeError'{0x0000000088915848}: Found class java.lang.Object, but interface was expected> (0x0000000088915848) 
thrown [s\open\src\hotspot\share\interpreter\linkResolver.cpp, line 841]
Event: 13.305 Thread 0x00000156f3b6d070 Exception <a 'java/lang/NoSuchMethodError'{0x00000000881da4d0}: 'java.lang.Object java.lang.invoke.DirectMethodHandle$Holder.newInvokeSpecial(java.lang.Object, java.lang.Object, int, java.lang.Object, java.lang.Object)'> (0x00000000881da4d0) 
thrown [s\open\src\hotspot\share\interpreter\linkResolver.cpp, line 774]
Event: 13.306 Thread 0x00000156f3b6d070 Exception <a 'java/lang/NoSuchMethodError'{0x00000000881e5270}: 'java.lang.Object java.lang.invoke.DirectMethodHandle$Holder.invokeSpecial(java.lang.Object, java.lang.Object, int, java.lang.Object, int, java.lang.Object)'> (0x00000000881e5270) 
thrown [s\open\src\hotspot\share\interpreter\linkResolver.cpp, line 774]
Event: 13.306 Thread 0x00000156f3b6d070 Exception <a 'java/lang/NoSuchMethodError'{0x00000000881ec830}: 'java.lang.Object java.lang.invoke.DirectMethodHandle$Holder.newInvokeSpecial(java.lang.Object, java.lang.Object, int, java.lang.Object, int)'> (0x00000000881ec830) 
thrown [s\open\src\hotspot\share\interpreter\linkResolver.cpp, line 774]
Event: 13.307 Thread 0x00000156f3b6d070 Exception <a 'java/lang/NoSuchMethodError'{0x00000000881f0730}: 'java.lang.Object java.lang.invoke.DirectMethodHandle$Holder.invokeSpecial(java.lang.Object, java.lang.Object, java.lang.Object, int, java.lang.Object, int)'> (0x00000000881f0730) 
thrown [s\open\src\hotspot\share\interpreter\linkResolver.cpp, line 774]
Event: 13.475 Thread 0x00000156f50352d0 Exception <a 'java/lang/NoSuchMethodError'{0x000000008a4bcae8}: 'java.lang.Object java.lang.invoke.DirectMethodHandle$Holder.invokeSpecial(java.lang.Object, java.lang.Object, java.lang.Object, java.lang.Object, java.lang.Object, long)'> (0x000000008a4bcae8) 
thrown [s\open\src\hotspot\share\interpreter\linkResolver.cpp, line 774]
Event: 13.475 Thread 0x00000156f50352d0 Exception <a 'java/lang/NoSuchMethodError'{0x000000008a4c02b8}: 'java.lang.Object java.lang.invoke.Invokers$Holder.linkToTargetMethod(java.lang.Object, java.lang.Object, java.lang.Object, long, java.lang.Object)'> (0x000000008a4c02b8) 
thrown [s\open\src\hotspot\share\interpreter\linkResolver.cpp, line 774]
Event: 13.844 Thread 0x00000156f3848330 Exception <a 'java/lang/NoSuchMethodError'{0x0000000088f70450}: 'java.lang.Object java.lang.invoke.DirectMethodHandle$Holder.invokeInterface(java.lang.Object, java.lang.Object, java.lang.Object, java.lang.Object, java.lang.Object, java.lang.Object, java.lang.Object)'> (0x0000000088f70450) 
thrown [s\open\src\hotspot\share\interpreter\linkResolver.cpp, line 774]
Event: 13.870 Thread 0x00000156f50352d0 Exception <a 'java/lang/NoSuchMethodError'{0x0000000088ef8e10}: 'void java.lang.invoke.DirectMethodHandle$Holder.invokeSpecialIFC(java.lang.Object, java.lang.Object, int, java.lang.Object, java.lang.Object, java.lang.Object, java.lang.Object)'> (0x0000000088ef8e10) 
thrown [s\open\src\hotspot\share\interpreter\linkResolver.cpp, line 774]

ZGC Phase Switch (0 events):
No events

VM Operations (20 events):
Event: 34.990 Executing VM operation: G1PauseRemark
Event: 34.999 Executing VM operation: G1PauseRemark done
Event: 35.025 Executing VM operation: G1PauseCleanup
Event: 35.025 Executing VM operation: G1PauseCleanup done
Event: 36.349 Executing VM operation: G1CollectForAllocation (G1 Evacuation Pause)
Event: 36.351 Executing VM operation: G1CollectForAllocation (G1 Evacuation Pause) done
Event: 37.758 Executing VM operation: G1CollectForAllocation (G1 Evacuation Pause)
Event: 37.762 Executing VM operation: G1CollectForAllocation (G1 Evacuation Pause) done
Event: 38.762 Executing VM operation: Cleanup
Event: 38.762 Executing VM operation: Cleanup done
Event: 39.523 Executing VM operation: G1CollectForAllocation (G1 Evacuation Pause)
Event: 39.526 Executing VM operation: G1CollectForAllocation (G1 Evacuation Pause) done
Event: 39.593 Executing VM operation: G1PauseRemark
Event: 39.598 Executing VM operation: G1PauseRemark done
Event: 39.628 Executing VM operation: G1PauseCleanup
Event: 39.628 Executing VM operation: G1PauseCleanup done
Event: 41.038 Executing VM operation: G1CollectForAllocation (G1 Evacuation Pause)
Event: 41.040 Executing VM operation: G1CollectForAllocation (G1 Evacuation Pause) done
Event: 42.733 Executing VM operation: G1CollectForAllocation (G1 Evacuation Pause)
Event: 42.737 Executing VM operation: G1CollectForAllocation (G1 Evacuation Pause) done

Events (20 events):
Event: 34.998 Thread 0x00000156addf16f0 flushing nmethod 0x00000156a6dcff10
Event: 34.998 Thread 0x00000156addf16f0 flushing nmethod 0x00000156a6dd0290
Event: 34.998 Thread 0x00000156addf16f0 flushing nmethod 0x00000156a6dd0610
Event: 34.998 Thread 0x00000156addf16f0 flushing nmethod 0x00000156a6dfc690
Event: 34.998 Thread 0x00000156addf16f0 flushing nmethod 0x00000156a6dfca90
Event: 34.998 Thread 0x00000156addf16f0 flushing nmethod 0x00000156a6e08310
Event: 34.998 Thread 0x00000156addf16f0 flushing nmethod 0x00000156a6e08690
Event: 34.998 Thread 0x00000156addf16f0 flushing nmethod 0x00000156a6e72210
Event: 34.998 Thread 0x00000156addf16f0 flushing nmethod 0x00000156a6e72510
Event: 34.998 Thread 0x00000156addf16f0 flushing nmethod 0x00000156a6e75890
Event: 34.998 Thread 0x00000156addf16f0 flushing nmethod 0x00000156a6e77290
Event: 34.998 Thread 0x00000156addf16f0 flushing nmethod 0x00000156a6e77b10
Event: 34.998 Thread 0x00000156addf16f0 flushing nmethod 0x00000156a6f2ad90
Event: 36.373 Thread 0x00000156f4430850 Thread exited: 0x00000156f4430850
Event: 36.373 Thread 0x00000156f30cd7d0 Thread exited: 0x00000156f30cd7d0
Event: 38.373 Thread 0x00000156f30b5580 Thread exited: 0x00000156f30b5580
Event: 38.637 Thread 0x00000156f30b5580 Thread added: 0x00000156f30b5580
Event: 38.637 Thread 0x00000156f3700890 Thread added: 0x00000156f3700890
Event: 40.464 Thread 0x00000156f3700890 Thread exited: 0x00000156f3700890
Event: 41.670 Thread 0x00000156f30b5580 Thread exited: 0x00000156f30b5580


Dynamic libraries:
0x00007ff77afc0000 - 0x00007ff77afd0000 	C:\Program Files\Java\jdk-22\bin\javaw.exe
0x00007ffa8c670000 - 0x00007ffa8c887000 	C:\WINDOWS\SYSTEM32\ntdll.dll
0x00007ffa8ab70000 - 0x00007ffa8ac34000 	C:\WINDOWS\System32\KERNEL32.DLL
0x00007ffa89ea0000 - 0x00007ffa8a24d000 	C:\WINDOWS\System32\KERNELBASE.dll
0x00007ffa89ce0000 - 0x00007ffa89df1000 	C:\WINDOWS\System32\ucrtbase.dll
0x00007ffa85600000 - 0x00007ffa85617000 	C:\Program Files\Java\jdk-22\bin\jli.dll
0x00007ffa8a3f0000 - 0x00007ffa8a4a2000 	C:\WINDOWS\System32\ADVAPI32.dll
0x00007ffa8c1d0000 - 0x00007ffa8c277000 	C:\WINDOWS\System32\msvcrt.dll
0x00007ffa8c480000 - 0x00007ffa8c529000 	C:\WINDOWS\System32\sechost.dll
0x00007ffa8a380000 - 0x00007ffa8a3a8000 	C:\WINDOWS\System32\bcrypt.dll
0x00007ffa8c280000 - 0x00007ffa8c394000 	C:\WINDOWS\System32\RPCRT4.dll
0x00007ffa855e0000 - 0x00007ffa855fb000 	C:\Program Files\Java\jdk-22\bin\VCRUNTIME140.dll
0x00007ffa8bad0000 - 0x00007ffa8bc7e000 	C:\WINDOWS\System32\USER32.dll
0x00007ffa89b90000 - 0x00007ffa89bb6000 	C:\WINDOWS\System32\win32u.dll
0x00007ffa8a3b0000 - 0x00007ffa8a3d9000 	C:\WINDOWS\System32\GDI32.dll
0x00007ffa89bc0000 - 0x00007ffa89cd9000 	C:\WINDOWS\System32\gdi32full.dll
0x00007ffa89e00000 - 0x00007ffa89e9a000 	C:\WINDOWS\System32\msvcp_win.dll
0x00007ffa766d0000 - 0x00007ffa766da000 	C:\WINDOWS\SYSTEM32\VERSION.dll
0x00007ffa6a880000 - 0x00007ffa6ab13000 	C:\WINDOWS\WinSxS\amd64_microsoft.windows.common-controls_6595b64144ccf1df_6.0.22621.3672_none_2713b9d173822955\COMCTL32.dll
0x00007ffa8c060000 - 0x00007ffa8c091000 	C:\WINDOWS\System32\IMM32.DLL
0x00007ffa86620000 - 0x00007ffa8662c000 	C:\Program Files\Java\jdk-22\bin\vcruntime140_1.dll
0x00007ffa72520000 - 0x00007ffa725ae000 	C:\Program Files\Java\jdk-22\bin\msvcp140.dll
0x00007ffa13680000 - 0x00007ffa143c7000 	C:\Program Files\Java\jdk-22\bin\server\jvm.dll
0x00007ffa8c3a0000 - 0x00007ffa8c411000 	C:\WINDOWS\System32\WS2_32.dll
0x00007ffa89210000 - 0x00007ffa8925d000 	C:\WINDOWS\SYSTEM32\POWRPROF.dll
0x00007ffa81e00000 - 0x00007ffa81e34000 	C:\WINDOWS\SYSTEM32\WINMM.dll
0x00007ffa891f0000 - 0x00007ffa89203000 	C:\WINDOWS\SYSTEM32\UMPDC.dll
0x00007ffa889d0000 - 0x00007ffa889e8000 	C:\WINDOWS\SYSTEM32\kernel.appcore.dll
0x00007ffa84c90000 - 0x00007ffa84c9a000 	C:\Program Files\Java\jdk-22\bin\jimage.dll
0x00007ffa86d20000 - 0x00007ffa86f52000 	C:\WINDOWS\SYSTEM32\DBGHELP.DLL
0x00007ffa8acf0000 - 0x00007ffa8b078000 	C:\WINDOWS\System32\combase.dll
0x00007ffa8b180000 - 0x00007ffa8b257000 	C:\WINDOWS\System32\OLEAUT32.dll
0x00007ffa766e0000 - 0x00007ffa76712000 	C:\WINDOWS\SYSTEM32\dbgcore.DLL
0x00007ffa89b10000 - 0x00007ffa89b8b000 	C:\WINDOWS\System32\bcryptPrimitives.dll
0x00007ffa839b0000 - 0x00007ffa839ce000 	C:\Program Files\Java\jdk-22\bin\java.dll
0x00007ffa8b260000 - 0x00007ffa8babf000 	C:\WINDOWS\System32\SHELL32.dll
0x00007ffa8a930000 - 0x00007ffa8aad5000 	C:\WINDOWS\System32\ole32.dll
0x00007ffa878f0000 - 0x00007ffa881ec000 	C:\WINDOWS\SYSTEM32\windows.storage.dll
0x00007ffa877b0000 - 0x00007ffa878ef000 	C:\WINDOWS\SYSTEM32\wintypes.dll
0x00007ffa8b080000 - 0x00007ffa8b174000 	C:\WINDOWS\System32\SHCORE.dll
0x00007ffa8c420000 - 0x00007ffa8c47e000 	C:\WINDOWS\System32\shlwapi.dll
0x00007ffa898d0000 - 0x00007ffa898f1000 	C:\WINDOWS\SYSTEM32\profapi.dll
0x00007ffa83d90000 - 0x00007ffa83da0000 	C:\Program Files\Java\jdk-22\bin\net.dll
0x00007ffa88e40000 - 0x00007ffa88ea9000 	C:\WINDOWS\system32\mswsock.dll
0x00007ffa83990000 - 0x00007ffa839a6000 	C:\Program Files\Java\jdk-22\bin\nio.dll
0x00007ffa83970000 - 0x00007ffa83987000 	C:\Program Files\Java\jdk-22\bin\zip.dll
0x00007ffa83960000 - 0x00007ffa8396a000 	C:\Program Files\Java\jdk-22\bin\management.dll
0x00007ffa765a0000 - 0x00007ffa765ab000 	C:\Program Files\Java\jdk-22\bin\management_ext.dll
0x00007ffa8c0a0000 - 0x00007ffa8c0a8000 	C:\WINDOWS\System32\PSAPI.DLL
0x00007ffa65680000 - 0x00007ffa65697000 	C:\WINDOWS\system32\napinsp.dll
0x00007ffa65650000 - 0x00007ffa6566b000 	C:\WINDOWS\system32\pnrpnsp.dll
0x00007ffa656b0000 - 0x00007ffa656d7000 	C:\WINDOWS\system32\nlansp_c.dll
0x00007ffa884c0000 - 0x00007ffa885b8000 	C:\WINDOWS\SYSTEM32\DNSAPI.dll
0x00007ffa88490000 - 0x00007ffa884bd000 	C:\WINDOWS\SYSTEM32\IPHLPAPI.DLL
0x00007ffa8c0b0000 - 0x00007ffa8c0b9000 	C:\WINDOWS\System32\NSI.dll
0x00007ffa65590000 - 0x00007ffa655a1000 	C:\WINDOWS\System32\winrnr.dll
0x00007ffa81de0000 - 0x00007ffa81df5000 	C:\WINDOWS\system32\wshbth.dll
0x00007ffa818f0000 - 0x00007ffa818fa000 	C:\Windows\System32\rasadhlp.dll
0x00007ffa81c30000 - 0x00007ffa81cb3000 	C:\WINDOWS\System32\fwpuclnt.dll
0x00007ffa89110000 - 0x00007ffa8912b000 	C:\WINDOWS\SYSTEM32\CRYPTSP.dll
0x00007ffa88930000 - 0x00007ffa88965000 	C:\WINDOWS\system32\rsaenh.dll
0x00007ffa88f40000 - 0x00007ffa88f68000 	C:\WINDOWS\SYSTEM32\USERENV.dll
0x00007ffa89130000 - 0x00007ffa8913c000 	C:\WINDOWS\SYSTEM32\CRYPTBASE.dll
0x00007ffa76590000 - 0x00007ffa76599000 	C:\Program Files\Java\jdk-22\bin\extnet.dll
0x00007ffa76310000 - 0x00007ffa7631e000 	C:\Program Files\Java\jdk-22\bin\sunmscapi.dll
0x00007ffa899a0000 - 0x00007ffa89b07000 	C:\WINDOWS\System32\CRYPT32.dll
0x00007ffa89350000 - 0x00007ffa8937e000 	C:\WINDOWS\SYSTEM32\ncrypt.dll
0x00007ffa89310000 - 0x00007ffa89347000 	C:\WINDOWS\SYSTEM32\NTASN1.dll
0x00007ffa84a20000 - 0x00007ffa84a30000 	C:\Program Files\Java\jdk-22\bin\verify.dll
0x00007ffa72e10000 - 0x00007ffa72e18000 	C:\WINDOWS\system32\wshunix.dll

dbghelp: loaded successfully - version: 4.0.5 - missing functions: none
symbol engine: initialized successfully - sym options: 0x614 - pdb path: .;C:\Program Files\Java\jdk-22\bin;C:\WINDOWS\SYSTEM32;C:\WINDOWS\WinSxS\amd64_microsoft.windows.common-controls_6595b64144ccf1df_6.0.22621.3672_none_2713b9d173822955;C:\Program Files\Java\jdk-22\bin\server

VM Arguments:
jvm_args: -Dcom.sun.management.jmxremote -Dcom.sun.management.jmxremote.port=57627 -Dcom.sun.management.jmxremote.authenticate=false -Dcom.sun.management.jmxremote.ssl=false -Djava.rmi.server.hostname=localhost -Dspring.jmx.enabled=true -Dmanagement.endpoints.jmx.exposure.include=* -Dspring.application.admin.enabled=true -XX:TieredStopAtLevel=1 -Dspring.boot.project.name=bfood -Dfile.encoding=UTF-8 -Dstdout.encoding=UTF-8 -Dstderr.encoding=UTF-8 -XX:+ShowCodeDetailsInExceptionMessages 
java_command: system.bfood.BfoodApplication --spring.output.ansi.enabled=always
java_class_path (initial): D:\Spring-ReactJS\ProjectBFood\bfood\target\classes;C:\Users\phanc\.m2\repository\org\springframework\boot\spring-boot-starter-web\3.2.5\spring-boot-starter-web-3.2.5.jar;C:\Users\phanc\.m2\repository\org\springframework\boot\spring-boot-starter\3.2.5\spring-boot-starter-3.2.5.jar;C:\Users\phanc\.m2\repository\org\springframework\boot\spring-boot-starter-logging\3.2.5\spring-boot-starter-logging-3.2.5.jar;C:\Users\phanc\.m2\repository\ch\qos\logback\logback-classic\1.4.14\logback-classic-1.4.14.jar;C:\Users\phanc\.m2\repository\ch\qos\logback\logback-core\1.4.14\logback-core-1.4.14.jar;C:\Users\phanc\.m2\repository\org\apache\logging\log4j\log4j-to-slf4j\2.21.1\log4j-to-slf4j-2.21.1.jar;C:\Users\phanc\.m2\repository\org\apache\logging\log4j\log4j-api\2.21.1\log4j-api-2.21.1.jar;C:\Users\phanc\.m2\repository\org\slf4j\jul-to-slf4j\2.0.13\jul-to-slf4j-2.0.13.jar;C:\Users\phanc\.m2\repository\org\yaml\snakeyaml\2.2\snakeyaml-2.2.jar;C:\Users\phanc\.m2\repository\org\springframework\boot\spring-boot-starter-json\3.2.5\spring-boot-starter-json-3.2.5.jar;C:\Users\phanc\.m2\repository\com\fasterxml\jackson\datatype\jackson-datatype-jdk8\2.15.4\jackson-datatype-jdk8-2.15.4.jar;C:\Users\phanc\.m2\repository\com\fasterxml\jackson\datatype\jackson-datatype-jsr310\2.15.4\jackson-datatype-jsr310-2.15.4.jar;C:\Users\phanc\.m2\repository\com\fasterxml\jackson\module\jackson-module-parameter-names\2.15.4\jackson-module-parameter-names-2.15.4.jar;C:\Users\phanc\.m2\repository\org\springframework\spring-web\6.1.6\spring-web-6.1.6.jar;C:\Users\phanc\.m2\repository\org\springframework\spring-beans\6.1.6\spring-beans-6.1.6.jar;C:\Users\phanc\.m2\repository\io\micrometer\micrometer-observation\1.12.5\micrometer-observation-1.12.5.jar;C:\Users\phanc\.m2\repository\io\micrometer\micrometer-commons\1.12.5\micrometer-commons-1.12.5.jar;C:\Users\phanc\.m2\repository\org\springframework\spring-webmvc\6.1.6\spring-webmvc-6.1.6.jar;C:\Users\phanc\.m2\repository\org\springframework\spring-context\6.1.6\spring-context-6.1.6.jar;C:\Users\phanc\.m2\repository\org\springframework\spring-expression\6.1.6\spring-expression-6.1.6.jar;C:\Users\phanc\.m2\repository\org\springframework\boot\spring-boot-starter-tomcat\3.2.5\spring-boot-starter-tomcat-3.2.5.jar;C:\Users\phanc\.m2\repository\jakarta\annotation\jakarta.annotation-api\2.1.1\jakarta.annotation-api-2.1.1.jar;C:\Users\phanc\.m2\repository\org\apache\tomcat\embed\tomcat-embed-core\10.1.20\tomcat-embed-core-10.1.20.jar;C:\Users\phanc\.m2\repository\org\apache\tomcat\embed\tomcat-embed-el\10.1.20\tomcat-embed-el-10.1.20.jar;C:\Users\phanc\.m2\repository\org\apache\tomcat\embed\tomcat-embed-websocket\10.1.20\tomcat-embed-websocket-10.1.20.jar;C:\Users\phanc\.m2\repository\org\slf4j\slf4j-api\2.0.13\slf4j-api-2.0.13.jar;C:\Users\phanc\.m2\repository\jakarta\xml\bind\jakarta.xml.bind-api\4.0.2\jakarta.xml.bind-api-4.0.2.jar;C:\Users\phanc\.m2\repository\jakarta\activation\jakarta.activation-api\2.1.3\jakarta.activation-api-2.1.3.jar;C:\Users\phanc\.m2\repository\net\bytebuddy\byte-buddy\1.14.13\byte-buddy-1.14.13.jar;C:\Users\phanc\.m2\repository\org\springframework\spring-core\6.1.6\spring-core-6.1.6.jar;C:\Users\phanc\.m2\repository\org\springframework\spring-jcl\6.1.6\spring-jcl-6.1.6.jar;C:\Users\phanc\.m2\repository\org\springframework\boot\spring-boot-starter-thymeleaf\3.2.5\spring-boot-starter-thymeleaf-3.2.5.jar;C:\Users\phanc\.m2\repository\org\thymeleaf\thymeleaf-spring6\3.1.2.RELEASE\thymeleaf-spring6-3.1.2.RELEASE.jar;C:\Users\phanc\.m2\repository\org\thymeleaf\thymeleaf\3.1.2.RELEASE\thymeleaf-3.1.2.RELEASE.jar;C:\Users\phanc\.m2\repository\org\attoparser\attoparser\2.0.7.RELEASE\attoparser-2.0.7.RELEASE.jar;C:\Users\phanc\.m2\repository\org\unbescape\unbescape\1.1.6.RELEASE\unbescape-1.1.6.RELEASE.jar;C:\Users\phanc\.m2\repository\org\springframework\boot\spring-boot-starter-data-jpa\3.2.5\spring-boot-starter-data-jpa-3.2.5.jar;C:\Users\phanc\.m2\repository\org\springframework\boot\spring-boot-starter-aop\3.2.5\spring-boot-starter-aop-3.2.5.jar;C:\Users\phanc\.m2\repository\org\aspectj\aspectjweaver\1.9.22\aspectjweaver-1.9.22.jar;C:\Users\phanc\.m2\repository\org\springframework\boot\spring-boot-starter-jdbc\3.2.5\spring-boot-starter-jdbc-3.2.5.jar;C:\Users\phanc\.m2\repository\com\zaxxer\HikariCP\5.0.1\HikariCP-5.0.1.jar;C:\Users\phanc\.m2\repository\org\springframework\spring-jdbc\6.1.6\spring-jdbc-6.1.6.jar;C:\Users\phanc\.m2\repository\org\hibernate\orm\hibernate-core\6.4.4.Final\hibernate-core-6.4.4.Final.jar;C:\Users\phanc\.m2\repository\jakarta\persistence\jakarta.persistence-api\3.1.0\jakarta.persistence-api-3.1.0.jar;C:\Users\phanc\.m2\repository\jakarta\transaction\jakarta.transaction-api\2.0.1\jakarta.transaction-api-2.0.1.jar;C:\Users\phanc\.m2\repository\org\jboss\logging\jboss-logging\3.5.3.Final\jboss-logging-3.5.3.Final.jar;C:\Users\phanc\.m2\repository\org\hibernate\common\hibernate-commons-annotations\6.0.6.Final\hibernate-commons-annotations-6.0.6.Final.jar;C:\Users\phanc\.m2\repository\io\smallrye\jandex\3.1.2\jandex-3.1.2.jar;C:\Users\phanc\.m2\repository\com\fasterxml\classmate\1.6.0\classmate-1.6.0.jar;C:\Users\phanc\.m2\repository\org\glassfish\jaxb\jaxb-runtime\4.0.5\jaxb-runtime-4.0.5.jar;C:\Users\phanc\.m2\repository\org\glassfish\jaxb\jaxb-core\4.0.5\jaxb-core-4.0.5.jar;C:\Users\phanc\.m2\repository\org\eclipse\angus\angus-activation\2.0.2\angus-activation-2.0.2.jar;C:\Users\phanc\.m2\repository\org\glassfish\jaxb\txw2\4.0.5\txw2-4.0.5.jar;C:\Users\phanc\.m2\repository\com\sun\istack\istack-commons-runtime\4.1.2\istack-commons-runtime-4.1.2.jar;C:\Users\phanc\.m2\repository\jakarta\inject\jakarta.inject-api\2.0.1\jakarta.inject-api-2.0.1.jar;C:\Users\phanc\.m2\repository\org\antlr\antlr4-runtime\4.13.0\antlr4-runtime-4.13.0.jar;C:\Users\phanc\.m2\repository\org\springframework\data\spring-data-jpa\3.2.5\spring-data-jpa-3.2.5.jar;C:\Users\phanc\.m2\repository\org\springframework\data\spring-data-commons\3.2.5\spring-data-commons-3.2.5.jar;C:\Users\phanc\.m2\repository\org\springframework\spring-orm\6.1.6\spring-orm-6.1.6.jar;C:\Users\phanc\.m2\repository\org\springframework\spring-tx\6.1.6\spring-tx-6.1.6.jar;C:\Users\phanc\.m2\repository\org\springframework\spring-aspects\6.1.6\spring-aspects-6.1.6.jar;C:\Users\phanc\.m2\repository\org\springframework\boot\spring-boot-starter-security\3.2.5\spring-boot-starter-security-3.2.5.jar;C:\Users\phanc\.m2\repository\org\springframework\spring-aop\6.1.6\spring-aop-6.1.6.jar;C:\Users\phanc\.m2\repository\org\springframework\security\spring-security-config\6.2.4\spring-security-config-6.2.4.jar;C:\Users\phanc\.m2\repository\org\springframework\security\spring-security-web\6.2.4\spring-security-web-6.2.4.jar;C:\Users\phanc\.m2\repository\org\springframework\boot\spring-boot-devtools\3.2.5\spring-boot-devtools-3.2.5.jar;C:\Users\phanc\.m2\repository\org\springframework\boot\spring-boot\3.2.5\spring-boot-3.2.5.jar;C:\Users\phanc\.m2\repository\org\springframework\boot\spring-boot-autoconfigure\3.2.5\spring-boot-autoconfigure-3.2.5.jar;C:\Users\phanc\.m2\repository\com\mysql\mysql-connector-j\8.3.0\mysql-connector-j-8.3.0.jar;C:\Users\phanc\.m2\repository\org\projectlombok\lombok\1.18.32\lombok-1.18.32.jar;C:\Users\phanc\.m2\repository\org\springframework\security\spring-security-core\6.2.4\spring-security-core-6.2.4.jar;C:\Users\phanc\.m2\repository\org\springframework\security\spring-security-crypto\6.2.4\spring-security-crypto-6.2.4.jar;C:\Users\phanc\.m2\repository\io\jsonwebtoken\jjwt-api\0.11.5\jjwt-api-0.11.5.jar;C:\Users\phanc\.m2\repository\io\jsonwebtoken\jjwt-impl\0.11.5\jjwt-impl-0.11.5.jar;C:\Users\phanc\.m2\repository\io\jsonwebtoken\jjwt-jackson\0.11.5\jjwt-jackson-0.11.5.jar;C:\Users\phanc\.m2\repository\com\fasterxml\jackson\core\jackson-databind\2.15.4\jackson-databind-2.15.4.jar;C:\Users\phanc\.m2\repository\com\fasterxml\jackson\core\jackson-annotations\2.15.4\jackson-annotations-2.15.4.jar;C:\Users\phanc\.m2\repository\com\fasterxml\jackson\core\jackson-core\2.15.4\jackson-core-2.15.4.jar;C:\Users\phanc\.m2\repository\com\stripe\stripe-java\20.62.0\stripe-java-20.62.0.jar;C:\Users\phanc\.m2\repository\com\google\code\gson\gson\2.10.1\gson-2.10.1.jar
Launcher Type: SUN_STANDARD

[Global flags]
     intx CICompilerCount                          = 4                                         {product} {ergonomic}
     uint ConcGCThreads                            = 2                                         {product} {ergonomic}
     uint G1ConcRefinementThreads                  = 8                                         {product} {ergonomic}
   size_t G1HeapRegionSize                         = 1048576                                   {product} {ergonomic}
   size_t InitialHeapSize                          = 130023424                                 {product} {ergonomic}
     bool ManagementServer                         = true                                      {product} {command line}
   size_t MarkStackSize                            = 4194304                                   {product} {ergonomic}
   size_t MaxHeapSize                              = 2067791872                                {product} {ergonomic}
   size_t MaxNewSize                               = 1240465408                                {product} {ergonomic}
   size_t MinHeapDeltaBytes                        = 1048576                                   {product} {ergonomic}
   size_t MinHeapSize                              = 8388608                                   {product} {ergonomic}
    uintx NonNMethodCodeHeapSize                   = 4096                                   {pd product} {ergonomic}
    uintx NonProfiledCodeHeapSize                  = 0                                      {pd product} {ergonomic}
     bool ProfileInterpreter                       = false                                  {pd product} {command line}
    uintx ProfiledCodeHeapSize                     = 0                                      {pd product} {ergonomic}
     bool ShowCodeDetailsInExceptionMessages       = true                                   {manageable} {command line}
   size_t SoftMaxHeapSize                          = 2067791872                             {manageable} {ergonomic}
     intx TieredStopAtLevel                        = 1                                         {product} {command line}
     bool UseCompressedOops                        = true                           {product lp64_product} {ergonomic}
     bool UseG1GC                                  = true                                      {product} {ergonomic}
     bool UseLargePagesIndividualAllocation        = false                                  {pd product} {ergonomic}

Logging:
Log output configuration:
 #0: stdout all=warning uptime,level,tags foldmultilines=false
 #1: stderr all=off uptime,level,tags foldmultilines=false

Environment Variables:
PATH=C:/Users/phanc/Downloads/sts-4.22.1.RELEASE//plugins/org.eclipse.justj.openjdk.hotspot.jre.full.win32.x86_64_17.0.11.v20240426-1830/jre/bin/server;C:/Users/phanc/Downloads/sts-4.22.1.RELEASE//plugins/org.eclipse.justj.openjdk.hotspot.jre.full.win32.x86_64_17.0.11.v20240426-1830/jre/bin;C:\Program Files\Common Files\Oracle\Java\javapath;C:\WINDOWS\system32;C:\WINDOWS;C:\WINDOWS\System32\Wbem;C:\WINDOWS\System32\WindowsPowerShell\v1.0\;C:\WINDOWS\System32\OpenSSH\;C:\Program Files\Java\jdk-22\bin;C:\Program Files\nodejs\;C:\Program Files\Git\cmd;C:\Program Files\MySQL\MySQL Shell 8.0\bin\;C:\Users\phanc\AppData\Local\Microsoft\WindowsApps;C:\Users\phanc\AppData\Local\Programs\Microsoft VS Code\bin;C:\Users\phanc\AppData\Roaming\npm;C:\Users\phanc\AppData\Local\GitHubDesktop\bin;C:\Users\phanc\Downloads\sts-4.22.1.RELEASE;
USERNAME=phanc
OS=Windows_NT
PROCESSOR_IDENTIFIER=Intel64 Family 6 Model 140 Stepping 1, GenuineIntel
TMP=C:\Users\phanc\AppData\Local\Temp
TEMP=C:\Users\phanc\AppData\Local\Temp




Periodic native trim disabled

---------------  S Y S T E M  ---------------

OS:
 Windows 11 , 64 bit Build 22621 (10.0.22621.3672)
OS uptime: 8 days 9:05 hours

CPU: total 8 (initial active 8) (4 cores per cpu, 2 threads per core) family 6 model 140 stepping 1 microcode 0xa6, cx8, cmov, fxsr, ht, mmx, 3dnowpref, sse, sse2, sse3, ssse3, sse4.1, sse4.2, popcnt, lzcnt, tsc, tscinvbit, avx, avx2, aes, erms, clmul, bmi1, bmi2, adx, avx512f, avx512dq, avx512cd, avx512bw, avx512vl, sha, fma, vzeroupper, avx512_vpopcntdq, avx512_vpclmulqdq, avx512_vaes, avx512_vnni, clflush, clflushopt, clwb, avx512_vbmi2, avx512_vbmi, rdtscp, rdpid, fsrm, gfni, avx512_bitalg, f16c, pku, cet_ibt, cet_ss, avx512_ifma
Processor Information for all 8 processors :
  Max Mhz: 2419, Current Mhz: 2419, Mhz Limit: 2419

Memory: 4k page, system-wide physical 7886M (199M free)
TotalPageFile size 32462M (AvailPageFile size 0M)
current process WorkingSet (physical memory assigned to process): 268M, peak: 274M
current process commit charge ("private bytes"): 309M, peak: 315M

vm_info: Java HotSpot(TM) 64-Bit Server VM (22.0.1+8-16) for windows-amd64 JRE (22.0.1+8-16), built on 2024-03-12T10:33:16Z by "mach5one" with MS VC++ 17.6 (VS2022)

END.
